#
# A fatal error has been detected by the Java Runtime Environment:
#
#  EXCEPTION_ACCESS_VIOLATION (0xc0000005) at pc=0x00007ffd10f70a88, pid=84900, tid=76692
#
# JRE version: OpenJDK Runtime Environment Microsoft-9889599 (17.0.12+7) (build 17.0.12+7-LTS)
# Java VM: OpenJDK 64-Bit Server VM Microsoft-9889599 (17.0.12+7-LTS, mixed mode, sharing, tiered, compressed oops, compressed class ptrs, g1 gc, windows-amd64)
# Problematic frame:
# V  [jvm.dll+0x2b0a88]
#
# No core dump will be written. Minidumps are not enabled by default on client versions of Windows
#
# If you would like to submit a bug report, please visit:
#   https://github.com/microsoft/openjdk/issues
#

---------------  S U M M A R Y ------------

Command Line: -Dapplication.home=C:\Program Files (x86)\Android\openjdk\jdk-17.0.12 --add-modules=ALL-DEFAULT -Xms8m -Dfile.encoding=UTF8 -Djdk.module.main=jdk.compiler jdk.compiler/com.sun.tools.javac.Main @C:\Users\Bartek\AppData\Local\Temp\tmpE7B5.tmp -target 1.8 -source 1.8

Host: 12th Gen Intel(R) Core(TM) i5-12600KF, 16 cores, 31G,  Windows 11 , 64 bit Build 26100 (10.0.26100.3323)
Time: Mon Apr  7 19:11:58 2025  Windows 11 , 64 bit Build 26100 (10.0.26100.3323) elapsed time: 0.926321 seconds (0d 0h 0m 0s)

---------------  T H R E A D  ---------------

Current thread (0x0000019a4d9fb9e0):  JavaThread "C2 CompilerThread2" daemon [_thread_in_native, id=76692, stack(0x0000002bfd500000,0x0000002bfd600000)]


Current CompileTask:
C2:    926 1927   !   4       java.nio.file.FileTreeWalker::next (144 bytes)

Stack: [0x0000002bfd500000,0x0000002bfd600000],  sp=0x0000002bfd5fa610,  free space=1001k
Native frames: (J=compiled Java code, j=interpreted, Vv=VM code, C=native code)
V  [jvm.dll+0x2b0a88]
V  [jvm.dll+0x58d829]
V  [jvm.dll+0x223592]
V  [jvm.dll+0x22398f]
V  [jvm.dll+0x21c740]
V  [jvm.dll+0x21986b]
V  [jvm.dll+0x1a53e6]
V  [jvm.dll+0x229faa]
V  [jvm.dll+0x2280fb]
V  [jvm.dll+0x7f3508]
V  [jvm.dll+0x7ed87c]
V  [jvm.dll+0x685c77]
C  [ucrtbase.dll+0x37b0]
C  [KERNEL32.DLL+0x2e8d7]
C  [ntdll.dll+0xbbf6c]


siginfo: EXCEPTION_ACCESS_VIOLATION (0xc0000005), reading address 0x000001da4f957b88


Registers:
RAX=0x000000000000001f, RBX=0x0000000000000000, RCX=0x0000019a51848ce0, RDX=0x0000019a51848c90
RSP=0x0000002bfd5fa610, RBP=0x0000019a518407c0, RSI=0x0000000000000000, RDI=0x0000019a51848c90
R8 =0x0000019a518407c0, R9 =0x0000019a51848d30, R10=0x0000000000000003, R11=0x0000019a51848c90
R12=0x0000000000000000, R13=0x0000019a51848c90, R14=0x0000002bfd5faa50, R15=0x000001da4f957b70
RIP=0x00007ffd10f70a88, EFLAGS=0x0000000000010202


Register to memory mapping:

RIP=0x00007ffd10f70a88 jvm.dll
RAX=0x000000000000001f is an unknown value
RBX=0x0 is NULL
RCX=0x0000019a51848ce0 points into unknown readable memory: 0x0000019a4f957db8 | b8 7d 95 4f 9a 01 00 00
RDX=0x0000019a51848c90 points into unknown readable memory: 0x000001da4f957b70 | 70 7b 95 4f da 01 00 00
RSP=0x0000002bfd5fa610 is pointing into the stack for thread: 0x0000019a4d9fb9e0
RBP=0x0000019a518407c0 points into unknown readable memory: 0x0000000000000000 | 00 00 00 00 00 00 00 00
RSI=0x0 is NULL
RDI=0x0000019a51848c90 points into unknown readable memory: 0x000001da4f957b70 | 70 7b 95 4f da 01 00 00
R8 =0x0000019a518407c0 points into unknown readable memory: 0x0000000000000000 | 00 00 00 00 00 00 00 00
R9 =0x0000019a51848d30 points into unknown readable memory: 0x0000019a4f958480 | 80 84 95 4f 9a 01 00 00
R10=0x0000000000000003 is an unknown value
R11=0x0000019a51848c90 points into unknown readable memory: 0x000001da4f957b70 | 70 7b 95 4f da 01 00 00
R12=0x0 is NULL
R13=0x0000019a51848c90 points into unknown readable memory: 0x000001da4f957b70 | 70 7b 95 4f da 01 00 00
R14=0x0000002bfd5faa50 is pointing into the stack for thread: 0x0000019a4d9fb9e0
R15=0x000001da4f957b70 is an unknown value


Top of Stack: (sp=0x0000002bfd5fa610)
0x0000002bfd5fa610:   0000019a518407c0 0000002bfd5fa660
0x0000002bfd5fa620:   0000002bfd5faa50 0000019a504c2e90
0x0000002bfd5fa630:   0000019a504c2e90 0000019a4d68ce40
0x0000002bfd5fa640:   0000019a4f15e8d0 00000000000f7320
0x0000002bfd5fa650:   0000019a4f1661e0 0000019a4f1668b8
0x0000002bfd5fa660:   0000002b00000100 0000019a4d18cb20
0x0000002bfd5fa670:   0000000000000100 0000019a4d68ce40
0x0000002bfd5fa680:   00000000008c87fa 0000000000000000
0x0000002bfd5fa690:   0000000000000000 0000000000000000
0x0000002bfd5fa6a0:   0000019a5918eb40 0000002bfd5faa50
0x0000002bfd5fa6b0:   0000019a50792f80 0000002bfd5fa7d0
0x0000002bfd5fa6c0:   0000000000000001 00007ffd1124d829
0x0000002bfd5fa6d0:   0000002bfd5faa50 0000002b000009e4
0x0000002bfd5fa6e0:   0000019a518407c0 00000000000001a8
0x0000002bfd5fa6f0:   00000000000a81d0 0000019a57530000
0x0000002bfd5fa700:   0000000000010000 00007ffe7789be86
0x0000002bfd5fa710:   0000019a00000003 0000000000000000
0x0000002bfd5fa720:   0000002b00000002 0000019a4f32f6d0
0x0000002bfd5fa730:   0000019a00000002 0000019a4d68ce40
0x0000002bfd5fa740:   0000019a4eb14fc8 0000019a4eb15210
0x0000002bfd5fa750:   0000019a4f0fc0e0 0000002bfd5faf10
0x0000002bfd5fa760:   0000000000000000 0000000000000000
0x0000002bfd5fa770:   0000002bfd5fabc0 0000000000000000
0x0000002bfd5fa780:   0000002bfd5fa890 00007ffd1125b35d
0x0000002bfd5fa790:   000000000000000f 0000019a4f2d1690
0x0000002bfd5fa7a0:   0000002bfd5fabc0 0000019a4f0fc0e0
0x0000002bfd5fa7b0:   0000019a4f0fc0e0 0000002bfd5fa7f0
0x0000002bfd5fa7c0:   0000002bfd5fa800 00007ffd112554d0
0x0000002bfd5fa7d0:   0000019a4d6cd7d0 0000019a00001e15
0x0000002bfd5fa7e0:   0000000000000000 00007ffe7789a40e
0x0000002bfd5fa7f0:   0000019a4f0fc000 0000002bfd5faf38
0x0000002bfd5fa800:   0000019a500f4170 0000000000000e48 

Instructions: (pc=0x00007ffd10f70a88)
0x00007ffd10f70988:   49 8b 47 28 48 89 44 24 38 49 8b 46 10 4c 89 6c
0x00007ffd10f70998:   24 30 8b 88 40 02 00 00 ff c1 48 8d 0c 89 48 c1
0x00007ffd10f709a8:   e1 04 e8 d1 ce 42 00 49 8b 4e 10 49 8d 7e 10 45
0x00007ffd10f709b8:   33 e4 48 89 84 24 d0 00 00 00 48 8b e8 8b 91 40
0x00007ffd10f709c8:   02 00 00 83 ea 01 4c 63 c2 78 1e 4b 8d 0c 80 48
0x00007ffd10f709d8:   c1 e1 04 48 03 c8 66 90 49 83 e8 01 4c 89 21 48
0x00007ffd10f709e8:   8d 49 b0 79 f3 49 8d 7e 10 49 8b 46 10 33 d2 8b
0x00007ffd10f709f8:   88 40 02 00 00 ff c1 48 c1 e1 02 e8 78 ce 42 00
0x00007ffd10f70a08:   49 8b 4e 10 ba ff ff ff ff 48 8b f0 48 89 44 24
0x00007ffd10f70a18:   20 44 8b 81 40 02 00 00 48 8b c8 41 ff c0 49 c1
0x00007ffd10f70a28:   e0 02 e8 03 98 5e 00 48 8d 4c 24 50 e8 57 6e 57
0x00007ffd10f70a38:   00 4c 8b ce 48 8d 54 24 50 4d 8b c6 48 8b cd e8
0x00007ffd10f70a48:   14 fc ff ff 89 84 24 c8 00 00 00 4c 89 65 08 48
0x00007ffd10f70a58:   89 6d 18 8d 48 ff 48 63 d1 48 83 fa 01 0f 8e 89
0x00007ffd10f70a68:   03 00 00 4c 8d 2c 92 49 c1 e5 04 4c 03 ed 48 ff
0x00007ffd10f70a78:   ca 48 89 94 24 d8 00 00 00 4d 8b 7d 00 41 8b f4
0x00007ffd10f70a88:   41 83 7f 18 00 0f 86 c2 00 00 00 4c 8b 74 24 20
0x00007ffd10f70a98:   0f 1f 84 00 00 00 00 00 8b c6 48 8d 1c c5 00 00
0x00007ffd10f70aa8:   00 00 49 8b 47 08 48 8b 0c 03 48 85 c9 0f 84 86
0x00007ffd10f70ab8:   00 00 00 48 8b 01 ff 50 10 84 c0 74 7c 49 8b 47
0x00007ffd10f70ac8:   08 48 8b 0c 03 8b 41 28 41 8b 0c 86 83 f9 ff 74
0x00007ffd10f70ad8:   68 48 8d 3c 89 48 c1 e7 04 48 03 fd 48 8b 57 20
0x00007ffd10f70ae8:   48 85 d2 75 06 48 8b 57 18 eb 41 48 83 7a 20 00
0x00007ffd10f70af8:   74 28 48 8b ca e8 1e fb ff ff 4c 8b 47 20 48 8b
0x00007ffd10f70b08:   47 18 49 8b 50 18 8b 48 08 39 4a 08 73 04 48 89
0x00007ffd10f70b18:   57 18 49 8b 50 20 48 89 57 20 48 8b 4f 18 48 8b
0x00007ffd10f70b28:   52 18 8b 41 08 39 42 08 48 0f 43 d1 8b 42 08 41
0x00007ffd10f70b38:   3b 45 08 73 04 41 89 45 08 ff c6 41 3b 77 18 0f
0x00007ffd10f70b48:   82 53 ff ff ff 4c 8b b4 24 c0 00 00 00 41 8b 45
0x00007ffd10f70b58:   08 4d 8b c5 48 8d 0c 80 48 03 c9 48 8b 44 cd 38
0x00007ffd10f70b68:   49 89 45 38 4c 89 6c cd 38 49 8b 45 28 49 8b 55
0x00007ffd10f70b78:   18 4d 8b 5d 10 48 8b 48 18 8b 41 08 39 42 08 73 


Stack slot to memory mapping:
stack at sp + 0 slots: 0x0000019a518407c0 points into unknown readable memory: 0x0000000000000000 | 00 00 00 00 00 00 00 00
stack at sp + 1 slots: 0x0000002bfd5fa660 is pointing into the stack for thread: 0x0000019a4d9fb9e0
stack at sp + 2 slots: 0x0000002bfd5faa50 is pointing into the stack for thread: 0x0000019a4d9fb9e0
stack at sp + 3 slots: 0x0000019a504c2e90 points into unknown readable memory: 0xffffffff00000001 | 01 00 00 00 ff ff ff ff
stack at sp + 4 slots: 0x0000019a504c2e90 points into unknown readable memory: 0xffffffff00000001 | 01 00 00 00 ff ff ff ff
stack at sp + 5 slots: 0x0000019a4d68ce40 points into unknown readable memory: 0x0000000000000006 | 06 00 00 00 00 00 00 00
stack at sp + 6 slots: 0x0000019a4f15e8d0 points into unknown readable memory: 0x0000019a518407b0 | b0 07 84 51 9a 01 00 00
stack at sp + 7 slots: 0x00000000000f7320 is an unknown value


---------------  P R O C E S S  ---------------

Threads class SMR info:
_java_thread_list=0x0000019a4d3b09d0, length=22, elements={
0x0000019a59175930, 0x0000019a7be96130, 0x0000019a7be97860, 0x0000019a7beb02a0,
0x0000019a7beb2c70, 0x0000019a7beb41a0, 0x0000019a7beb56d0, 0x0000019a7bec8f60,
0x0000019a7becfe50, 0x0000019a7bed0760, 0x0000019a4d0ce090, 0x0000019a4d0d6fd0,
0x0000019a4d0d79b0, 0x0000019a4d0f2a20, 0x0000019a4d1b7130, 0x0000019a4d9fab50,
0x0000019a4d9fb9e0, 0x0000019a4db3ca30, 0x0000019a4db3cf50, 0x0000019a4dc869f0,
0x0000019a4d6aa8f0, 0x0000019a4e7f9220
}

Java Threads: ( => current thread )
  0x0000019a59175930 JavaThread "main" [_thread_in_Java, id=84700, stack(0x0000002bfb900000,0x0000002bfba00000)]
  0x0000019a7be96130 JavaThread "Reference Handler" daemon [_thread_blocked, id=84524, stack(0x0000002bfc000000,0x0000002bfc100000)]
  0x0000019a7be97860 JavaThread "Finalizer" daemon [_thread_blocked, id=77248, stack(0x0000002bfc100000,0x0000002bfc200000)]
  0x0000019a7beb02a0 JavaThread "Signal Dispatcher" daemon [_thread_blocked, id=83764, stack(0x0000002bfc200000,0x0000002bfc300000)]
  0x0000019a7beb2c70 JavaThread "Attach Listener" daemon [_thread_blocked, id=84204, stack(0x0000002bfc300000,0x0000002bfc400000)]
  0x0000019a7beb41a0 JavaThread "Service Thread" daemon [_thread_blocked, id=80140, stack(0x0000002bfc400000,0x0000002bfc500000)]
  0x0000019a7beb56d0 JavaThread "Monitor Deflation Thread" daemon [_thread_blocked, id=54968, stack(0x0000002bfc500000,0x0000002bfc600000)]
  0x0000019a7bec8f60 JavaThread "C2 CompilerThread0" daemon [_thread_in_native, id=51480, stack(0x0000002bfc600000,0x0000002bfc700000)]
  0x0000019a7becfe50 JavaThread "C1 CompilerThread0" daemon [_thread_blocked, id=79616, stack(0x0000002bfc700000,0x0000002bfc800000)]
  0x0000019a7bed0760 JavaThread "Sweeper thread" daemon [_thread_blocked, id=82536, stack(0x0000002bfc800000,0x0000002bfc900000)]
  0x0000019a4d0ce090 JavaThread "Common-Cleaner" daemon [_thread_blocked, id=79316, stack(0x0000002bfc900000,0x0000002bfca00000)]
  0x0000019a4d0d6fd0 JavaThread "C1 CompilerThread1" daemon [_thread_blocked, id=75372, stack(0x0000002bfca00000,0x0000002bfcb00000)]
  0x0000019a4d0d79b0 JavaThread "C1 CompilerThread2" daemon [_thread_blocked, id=79952, stack(0x0000002bfcb00000,0x0000002bfcc00000)]
  0x0000019a4d0f2a20 JavaThread "C2 CompilerThread1" daemon [_thread_in_native, id=83868, stack(0x0000002bfcc00000,0x0000002bfcd00000)]
  0x0000019a4d1b7130 JavaThread "Notification Thread" daemon [_thread_blocked, id=84564, stack(0x0000002bfcd00000,0x0000002bfce00000)]
  0x0000019a4d9fab50 JavaThread "C1 CompilerThread3" daemon [_thread_blocked, id=84664, stack(0x0000002bfd400000,0x0000002bfd500000)]
=>0x0000019a4d9fb9e0 JavaThread "C2 CompilerThread2" daemon [_thread_in_native, id=76692, stack(0x0000002bfd500000,0x0000002bfd600000)]
  0x0000019a4db3ca30 JavaThread "C2 CompilerThread3" daemon [_thread_in_native, id=84884, stack(0x0000002bfd600000,0x0000002bfd700000)]
  0x0000019a4db3cf50 JavaThread "C2 CompilerThread4" daemon [_thread_in_native, id=55808, stack(0x0000002bfd700000,0x0000002bfd800000)]
  0x0000019a4dc869f0 JavaThread "C2 CompilerThread5" daemon [_thread_in_native, id=83268, stack(0x0000002bfd800000,0x0000002bfd900000)]
  0x0000019a4d6aa8f0 JavaThread "C2 CompilerThread6" daemon [_thread_in_native, id=81764, stack(0x0000002bfd900000,0x0000002bfda00000)]
  0x0000019a4e7f9220 JavaThread "C2 CompilerThread7" daemon [_thread_in_native, id=5908, stack(0x0000002bfda00000,0x0000002bfdb00000)]

Other Threads:
  0x0000019a7be92b20 VMThread "VM Thread" [stack: 0x0000002bfbf00000,0x0000002bfc000000] [id=4572]
  0x0000019a4d1b7610 WatcherThread [stack: 0x0000002bfce00000,0x0000002bfcf00000] [id=68092]
  0x0000019a59227860 GCTaskThread "GC Thread#0" [stack: 0x0000002bfba00000,0x0000002bfbb00000] [id=81628]
  0x0000019a4d3bb970 GCTaskThread "GC Thread#1" [stack: 0x0000002bfcf00000,0x0000002bfd000000] [id=83880]
  0x0000019a4d3e9aa0 GCTaskThread "GC Thread#2" [stack: 0x0000002bfd000000,0x0000002bfd100000] [id=84960]
  0x0000019a4d471350 GCTaskThread "GC Thread#3" [stack: 0x0000002bfd100000,0x0000002bfd200000] [id=73960]
  0x0000019a4d660020 GCTaskThread "GC Thread#4" [stack: 0x0000002bfd200000,0x0000002bfd300000] [id=64680]
  0x0000019a4d6b08b0 GCTaskThread "GC Thread#5" [stack: 0x0000002bfd300000,0x0000002bfd400000] [id=74188]
  0x0000019a5922c670 ConcurrentGCThread "G1 Main Marker" [stack: 0x0000002bfbb00000,0x0000002bfbc00000] [id=74356]
  0x0000019a5922cea0 ConcurrentGCThread "G1 Conc#0" [stack: 0x0000002bfbc00000,0x0000002bfbd00000] [id=76520]
  0x0000019a4e5b7450 ConcurrentGCThread "G1 Conc#1" [stack: 0x0000002bfdb00000,0x0000002bfdc00000] [id=73620]
  0x0000019a4f02f4d0 ConcurrentGCThread "G1 Conc#2" [stack: 0x0000002bfdc00000,0x0000002bfdd00000] [id=73908]
  0x0000019a7bd4c380 ConcurrentGCThread "G1 Refine#0" [stack: 0x0000002bfbd00000,0x0000002bfbe00000] [id=70356]
  0x0000019a4f561d30 ConcurrentGCThread "G1 Refine#1" [stack: 0x0000002bfdd00000,0x0000002bfde00000] [id=8764]
  0x0000019a7bd4dc60 ConcurrentGCThread "G1 Service" [stack: 0x0000002bfbe00000,0x0000002bfbf00000] [id=66040]

Threads with active compile tasks:
C2 CompilerThread0      946 1946   !   4       java.nio.file.FileTreeWalker::visit (204 bytes)
C2 CompilerThread1      946 1962       4       jdk.nio.zipfs.ZipFileSystemProvider::readAttributes (9 bytes)
C2 CompilerThread2      946 1927   !   4       java.nio.file.FileTreeWalker::next (144 bytes)
C2 CompilerThread3      946 1964   !   4       jdk.nio.zipfs.ZipFileSystem::getFileAttributes (169 bytes)
C2 CompilerThread4      946 1882   !   4       java.nio.file.FileTreeWalker::getAttributes (94 bytes)
C2 CompilerThread5      946 2025       4       jdk.nio.zipfs.ZipPath::<init> (67 bytes)
C2 CompilerThread6      946 1959   !   4       java.util.jar.Attributes::read (494 bytes)
C2 CompilerThread7      946 1963       4       jdk.nio.zipfs.ZipPath::readAttributes (58 bytes)

VM state: not at safepoint (normal execution)

VM Mutex/Monitor currently owned by a thread: None

Heap address: 0x0000000602000000, size: 8160 MB, Compressed Oops mode: Zero based, Oop shift amount: 3

CDS archive(s) mapped at: [0x0000019a08000000-0x0000019a08bb0000-0x0000019a08bb0000), size 12255232, SharedBaseAddress: 0x0000019a08000000, ArchiveRelocationMode: 1.
Compressed class space mapped at: 0x0000019a09000000-0x0000019a49000000, reserved size: 1073741824
Narrow klass base: 0x0000019a08000000, Narrow klass shift: 0, Narrow klass range: 0x100000000

GC Precious Log:
 CPUs: 16 total, 16 available
 Memory: 32627M
 Large Page Support: Disabled
 NUMA Support: Disabled
 Compressed Oops: Enabled (Zero based)
 Heap Region Size: 4M
 Heap Min Capacity: 8M
 Heap Initial Capacity: 8M
 Heap Max Capacity: 8160M
 Pre-touch: Disabled
 Parallel Workers: 13
 Concurrent Workers: 3
 Concurrent Refinement Workers: 13
 Periodic GC: Disabled

Heap:
 garbage-first heap   total 163840K, used 40526K [0x0000000602000000, 0x0000000800000000)
  region size 4096K, 4 young (16384K), 1 survivors (4096K)
 Metaspace       used 8618K, committed 8768K, reserved 1114112K
  class space    used 942K, committed 1024K, reserved 1048576K

Heap Regions: E=young(eden), S=young(survivor), O=old, HS=humongous(starts), HC=humongous(continues), CS=collection set, F=free, OA=open archive, CA=closed archive, TAMS=top-at-mark-start (previous, next)
|   0|0x0000000602000000, 0x0000000602400000, 0x0000000602400000|100%| O|  |TAMS 0x0000000602329600, 0x0000000602000000| Untracked 
|   1|0x0000000602400000, 0x0000000602800000, 0x0000000602800000|100%| O|  |TAMS 0x0000000602400000, 0x0000000602400000| Untracked 
|   2|0x0000000602800000, 0x0000000602c00000, 0x0000000602c00000|100%|HS|  |TAMS 0x0000000602c00000, 0x0000000602800000| Complete 
|   3|0x0000000602c00000, 0x0000000603000000, 0x0000000603000000|100%|HS|  |TAMS 0x0000000603000000, 0x0000000602c00000| Complete 
|   4|0x0000000603000000, 0x0000000603400000, 0x0000000603400000|100%|HC|  |TAMS 0x0000000603400000, 0x0000000603000000| Complete 
|   5|0x0000000603400000, 0x0000000603793a00, 0x0000000603800000| 89%| O|  |TAMS 0x0000000603400000, 0x0000000603400000| Untracked 
|   6|0x0000000603800000, 0x0000000603800000, 0x0000000603c00000|  0%| F|  |TAMS 0x0000000603800000, 0x0000000603800000| Untracked 
|   7|0x0000000603c00000, 0x0000000603c00000, 0x0000000604000000|  0%| F|  |TAMS 0x0000000603c00000, 0x0000000603c00000| Untracked 
|   8|0x0000000604000000, 0x0000000604000000, 0x0000000604400000|  0%| F|  |TAMS 0x0000000604000000, 0x0000000604000000| Untracked 
|   9|0x0000000604400000, 0x0000000604400000, 0x0000000604800000|  0%| F|  |TAMS 0x0000000604400000, 0x0000000604400000| Untracked 
|  10|0x0000000604800000, 0x0000000604800000, 0x0000000604c00000|  0%| F|  |TAMS 0x0000000604800000, 0x0000000604800000| Untracked 
|  11|0x0000000604c00000, 0x0000000604c00000, 0x0000000605000000|  0%| F|  |TAMS 0x0000000604c00000, 0x0000000604c00000| Untracked 
|  12|0x0000000605000000, 0x0000000605400000, 0x0000000605400000|100%| S|CS|TAMS 0x0000000605000000, 0x0000000605000000| Complete 
|  13|0x0000000605400000, 0x0000000605400000, 0x0000000605800000|  0%| F|  |TAMS 0x0000000605400000, 0x0000000605400000| Untracked 
|  14|0x0000000605800000, 0x0000000605800000, 0x0000000605c00000|  0%| F|  |TAMS 0x0000000605800000, 0x0000000605800000| Untracked 
|  15|0x0000000605c00000, 0x0000000605c00000, 0x0000000606000000|  0%| F|  |TAMS 0x0000000605c00000, 0x0000000605c00000| Untracked 
|  16|0x0000000606000000, 0x0000000606000000, 0x0000000606400000|  0%| F|  |TAMS 0x0000000606000000, 0x0000000606000000| Untracked 
|  17|0x0000000606400000, 0x0000000606400000, 0x0000000606800000|  0%| F|  |TAMS 0x0000000606400000, 0x0000000606400000| Untracked 
|  18|0x0000000606800000, 0x0000000606800000, 0x0000000606c00000|  0%| F|  |TAMS 0x0000000606800000, 0x0000000606800000| Untracked 
|  19|0x0000000606c00000, 0x0000000606c00000, 0x0000000607000000|  0%| F|  |TAMS 0x0000000606c00000, 0x0000000606c00000| Untracked 
|  20|0x0000000607000000, 0x0000000607000000, 0x0000000607400000|  0%| F|  |TAMS 0x0000000607000000, 0x0000000607000000| Untracked 
|  21|0x0000000607400000, 0x0000000607400000, 0x0000000607800000|  0%| F|  |TAMS 0x0000000607400000, 0x0000000607400000| Untracked 
|  22|0x0000000607800000, 0x0000000607800000, 0x0000000607c00000|  0%| F|  |TAMS 0x0000000607800000, 0x0000000607800000| Untracked 
|  23|0x0000000607c00000, 0x0000000607c00000, 0x0000000608000000|  0%| F|  |TAMS 0x0000000607c00000, 0x0000000607c00000| Untracked 
|  24|0x0000000608000000, 0x0000000608000000, 0x0000000608400000|  0%| F|  |TAMS 0x0000000608000000, 0x0000000608000000| Untracked 
|  25|0x0000000608400000, 0x0000000608400000, 0x0000000608800000|  0%| F|  |TAMS 0x0000000608400000, 0x0000000608400000| Untracked 
|  26|0x0000000608800000, 0x0000000608800000, 0x0000000608c00000|  0%| F|  |TAMS 0x0000000608800000, 0x0000000608800000| Untracked 
|  27|0x0000000608c00000, 0x0000000608c00000, 0x0000000609000000|  0%| F|  |TAMS 0x0000000608c00000, 0x0000000608c00000| Untracked 
|  28|0x0000000609000000, 0x0000000609000000, 0x0000000609400000|  0%| F|  |TAMS 0x0000000609000000, 0x0000000609000000| Untracked 
|  29|0x0000000609400000, 0x0000000609400000, 0x0000000609800000|  0%| F|  |TAMS 0x0000000609400000, 0x0000000609400000| Untracked 
|  30|0x0000000609800000, 0x0000000609800000, 0x0000000609c00000|  0%| F|  |TAMS 0x0000000609800000, 0x0000000609800000| Untracked 
|  31|0x0000000609c00000, 0x0000000609c00000, 0x000000060a000000|  0%| F|  |TAMS 0x0000000609c00000, 0x0000000609c00000| Untracked 
|  32|0x000000060a000000, 0x000000060a000000, 0x000000060a400000|  0%| F|  |TAMS 0x000000060a000000, 0x000000060a000000| Untracked 
|  33|0x000000060a400000, 0x000000060a400000, 0x000000060a800000|  0%| F|  |TAMS 0x000000060a400000, 0x000000060a400000| Untracked 
|  34|0x000000060a800000, 0x000000060a800000, 0x000000060ac00000|  0%| F|  |TAMS 0x000000060a800000, 0x000000060a800000| Untracked 
|  35|0x000000060ac00000, 0x000000060ac00000, 0x000000060b000000|  0%| F|  |TAMS 0x000000060ac00000, 0x000000060ac00000| Untracked 
|  36|0x000000060b000000, 0x000000060b2ab210, 0x000000060b400000| 66%| E|  |TAMS 0x000000060b000000, 0x000000060b000000| Complete 
|  37|0x000000060b400000, 0x000000060b800000, 0x000000060b800000|100%| E|CS|TAMS 0x000000060b400000, 0x000000060b400000| Complete 
|  38|0x000000060b800000, 0x000000060bc00000, 0x000000060bc00000|100%| E|CS|TAMS 0x000000060b800000, 0x000000060b800000| Complete 
|2039|0x00000007ffc00000, 0x0000000800000000, 0x0000000800000000|100%| O|  |TAMS 0x0000000800000000, 0x00000007ffc00000| Untracked 

Card table byte_map: [0x0000019a71cd0000,0x0000019a72cc0000] _byte_map_base: 0x0000019a6ecc0000

Marking Bits (Prev, Next): (CMBitMap*) 0x0000019a59227e80, (CMBitMap*) 0x0000019a59227ec0
 Prev Bits: [0x0000019a73cb0000, 0x0000019a7bc30000)
 Next Bits: [0x0000019a00000000, 0x0000019a07f80000)

Polling page: 0x0000019a57970000

Metaspace:

Usage:
  Non-class:      7.50 MB used.
      Class:    942.91 KB used.
       Both:      8.42 MB used.

Virtual space:
  Non-class space:       64.00 MB reserved,       7.56 MB ( 12%) committed,  1 nodes.
      Class space:        1.00 GB reserved,       1.00 MB ( <1%) committed,  1 nodes.
             Both:        1.06 GB reserved,       8.56 MB ( <1%) committed. 

Chunk freelists:
   Non-Class:  6.19 MB
       Class:  14.95 MB
        Both:  21.14 MB

MaxMetaspaceSize: unlimited
CompressedClassSpaceSize: 1.00 GB
Initial GC threshold: 21.00 MB
Current GC threshold: 21.00 MB
CDS: on
MetaspaceReclaimPolicy: balanced
 - commit_granule_bytes: 65536.
 - commit_granule_words: 8192.
 - virtual_space_node_default_size: 8388608.
 - enlarge_chunks_in_place: 1.
 - new_chunks_are_fully_committed: 0.
 - uncommit_free_chunks: 1.
 - use_allocation_guard: 0.
 - handle_deallocations: 1.


Internal statistics:

num_allocs_failed_limit: 0.
num_arena_births: 52.
num_arena_deaths: 0.
num_vsnodes_births: 2.
num_vsnodes_deaths: 0.
num_space_committed: 137.
num_space_uncommitted: 0.
num_chunks_returned_to_freelist: 0.
num_chunks_taken_from_freelist: 324.
num_chunk_merges: 0.
num_chunk_splits: 236.
num_chunks_enlarged: 194.
num_inconsistent_stats: 0.

CodeHeap 'non-profiled nmethods': size=119168Kb used=1127Kb max_used=1127Kb free=118041Kb
 bounds [0x0000019a688c0000, 0x0000019a68b30000, 0x0000019a6fd20000]
CodeHeap 'profiled nmethods': size=119104Kb used=4210Kb max_used=4210Kb free=114893Kb
 bounds [0x0000019a60d20000, 0x0000019a61140000, 0x0000019a68170000]
CodeHeap 'non-nmethods': size=7488Kb used=2833Kb max_used=2877Kb free=4654Kb
 bounds [0x0000019a68170000, 0x0000019a68450000, 0x0000019a688c0000]
 total_blobs=2444 nmethods=2011 adapters=343
 compilation: enabled
              stopped_count=0, restarted_count=0
 full_count=0

Compilation events (20 events):
Event: 0.913 Thread 0x0000019a4d0d79b0 2016       1       sun.util.calendar.CalendarDate::isNormalized (5 bytes)
Event: 0.913 Thread 0x0000019a4d9fab50 2017       1       sun.util.calendar.CalendarDate::getYear (5 bytes)
Event: 0.913 Thread 0x0000019a4d0d6fd0 2018       1       sun.util.calendar.CalendarDate::getZone (5 bytes)
Event: 0.913 Thread 0x0000019a4d0d79b0 nmethod 2016 0x0000019a689d0510 code [0x0000019a689d06a0, 0x0000019a689d0778]
Event: 0.913 Thread 0x0000019a4d9fab50 nmethod 2017 0x0000019a689d0810 code [0x0000019a689d09a0, 0x0000019a689d0a78]
Event: 0.913 Thread 0x0000019a4d0d6fd0 nmethod 2018 0x0000019a689d0b10 code [0x0000019a689d0ca0, 0x0000019a689d0d78]
Event: 0.913 Thread 0x0000019a4d0d79b0 2019       1       sun.util.calendar.CalendarDate::getMonth (5 bytes)
Event: 0.913 Thread 0x0000019a4d9fab50 2020       1       sun.util.calendar.CalendarDate::setNormalized (6 bytes)
Event: 0.913 Thread 0x0000019a7becfe50 nmethod 2014 0x0000019a61131b90 code [0x0000019a61131dc0, 0x0000019a61132758]
Event: 0.913 Thread 0x0000019a4d0d79b0 nmethod 2019 0x0000019a689d0e10 code [0x0000019a689d0fa0, 0x0000019a689d1078]
Event: 0.913 Thread 0x0000019a4d9fab50 nmethod 2020 0x0000019a689d1110 code [0x0000019a689d12a0, 0x0000019a689d1378]
Event: 0.914 Thread 0x0000019a4dc869f0 1998       4       jdk.nio.zipfs.ZipFileSystem::getParentOff (40 bytes)
Event: 0.914 Thread 0x0000019a4d0d6fd0 2021       3       jdk.nio.zipfs.ZipUtils::unixToJavaTime (11 bytes)
Event: 0.914 Thread 0x0000019a4d0d79b0 2022       3       com.sun.tools.javac.file.CacheFSInfo::getAttributes (18 bytes)
Event: 0.914 Thread 0x0000019a7becfe50 2023       3       com.sun.tools.javac.file.CacheFSInfo$$Lambda$36/0x0000019a0902a968::<init> (10 bytes)
Event: 0.914 Thread 0x0000019a4d0d6fd0 nmethod 2021 0x0000019a61132a90 code [0x0000019a61132c40, 0x0000019a61132d88]
Event: 0.914 Thread 0x0000019a7becfe50 nmethod 2023 0x0000019a61132e10 code [0x0000019a61132fa0, 0x0000019a61133158]
Event: 0.914 Thread 0x0000019a4d0d79b0 nmethod 2022 0x0000019a61133210 code [0x0000019a61133420, 0x0000019a61133b58]
Event: 0.918 Thread 0x0000019a4dc869f0 nmethod 1998 0x0000019a689d1410 code [0x0000019a689d15a0, 0x0000019a689d1758]
Event: 0.918 Thread 0x0000019a4dc869f0 1983       4       jdk.nio.zipfs.ZipFileSystem::getInode (36 bytes)

GC Heap History (20 events):
Event: 0.407 GC heap before
{Heap before GC invocations=4 (full 0):
 garbage-first heap   total 16384K, used 7882K [0x0000000602000000, 0x0000000800000000)
  region size 4096K, 2 young (8192K), 1 survivors (4096K)
 Metaspace       used 7696K, committed 7872K, reserved 1114112K
  class space    used 863K, committed 960K, reserved 1048576K
}
Event: 0.408 GC heap after
{Heap after GC invocations=5 (full 0):
 garbage-first heap   total 20480K, used 4746K [0x0000000602000000, 0x0000000800000000)
  region size 4096K, 1 young (4096K), 1 survivors (4096K)
 Metaspace       used 7696K, committed 7872K, reserved 1114112K
  class space    used 863K, committed 960K, reserved 1048576K
}
Event: 0.423 GC heap before
{Heap before GC invocations=5 (full 0):
 garbage-first heap   total 20480K, used 8842K [0x0000000602000000, 0x0000000800000000)
  region size 4096K, 2 young (8192K), 1 survivors (4096K)
 Metaspace       used 7696K, committed 7872K, reserved 1114112K
  class space    used 863K, committed 960K, reserved 1048576K
}
Event: 0.424 GC heap after
{Heap after GC invocations=6 (full 0):
 garbage-first heap   total 20480K, used 5242K [0x0000000602000000, 0x0000000800000000)
  region size 4096K, 1 young (4096K), 1 survivors (4096K)
 Metaspace       used 7696K, committed 7872K, reserved 1114112K
  class space    used 863K, committed 960K, reserved 1048576K
}
Event: 0.440 GC heap before
{Heap before GC invocations=6 (full 0):
 garbage-first heap   total 20480K, used 9338K [0x0000000602000000, 0x0000000800000000)
  region size 4096K, 2 young (8192K), 1 survivors (4096K)
 Metaspace       used 7697K, committed 7872K, reserved 1114112K
  class space    used 863K, committed 960K, reserved 1048576K
}
Event: 0.442 GC heap after
{Heap after GC invocations=7 (full 0):
 garbage-first heap   total 20480K, used 5849K [0x0000000602000000, 0x0000000800000000)
  region size 4096K, 1 young (4096K), 1 survivors (4096K)
 Metaspace       used 7697K, committed 7872K, reserved 1114112K
  class space    used 863K, committed 960K, reserved 1048576K
}
Event: 0.456 GC heap before
{Heap before GC invocations=7 (full 0):
 garbage-first heap   total 20480K, used 9945K [0x0000000602000000, 0x0000000800000000)
  region size 4096K, 2 young (8192K), 1 survivors (4096K)
 Metaspace       used 7698K, committed 7872K, reserved 1114112K
  class space    used 863K, committed 960K, reserved 1048576K
}
Event: 0.458 GC heap after
{Heap after GC invocations=8 (full 0):
 garbage-first heap   total 20480K, used 6537K [0x0000000602000000, 0x0000000800000000)
  region size 4096K, 1 young (4096K), 1 survivors (4096K)
 Metaspace       used 7698K, committed 7872K, reserved 1114112K
  class space    used 863K, committed 960K, reserved 1048576K
}
Event: 0.469 GC heap before
{Heap before GC invocations=8 (full 0):
 garbage-first heap   total 20480K, used 10633K [0x0000000602000000, 0x0000000800000000)
  region size 4096K, 2 young (8192K), 1 survivors (4096K)
 Metaspace       used 7706K, committed 7872K, reserved 1114112K
  class space    used 863K, committed 960K, reserved 1048576K
}
Event: 0.471 GC heap after
{Heap after GC invocations=9 (full 0):
 garbage-first heap   total 40960K, used 7304K [0x0000000602000000, 0x0000000800000000)
  region size 4096K, 1 young (4096K), 1 survivors (4096K)
 Metaspace       used 7706K, committed 7872K, reserved 1114112K
  class space    used 863K, committed 960K, reserved 1048576K
}
Event: 0.536 GC heap before
{Heap before GC invocations=9 (full 0):
 garbage-first heap   total 40960K, used 31880K [0x0000000602000000, 0x0000000800000000)
  region size 4096K, 4 young (16384K), 1 survivors (4096K)
 Metaspace       used 7721K, committed 7936K, reserved 1114112K
  class space    used 863K, committed 960K, reserved 1048576K
}
Event: 0.538 GC heap after
{Heap after GC invocations=10 (full 0):
 garbage-first heap   total 40960K, used 21479K [0x0000000602000000, 0x0000000800000000)
  region size 4096K, 1 young (4096K), 1 survivors (4096K)
 Metaspace       used 7721K, committed 7936K, reserved 1114112K
  class space    used 863K, committed 960K, reserved 1048576K
}
Event: 0.559 GC heap before
{Heap before GC invocations=10 (full 0):
 garbage-first heap   total 40960K, used 25575K [0x0000000602000000, 0x0000000800000000)
  region size 4096K, 2 young (8192K), 1 survivors (4096K)
 Metaspace       used 7721K, committed 7936K, reserved 1114112K
  class space    used 863K, committed 960K, reserved 1048576K
}
Event: 0.562 GC heap after
{Heap after GC invocations=11 (full 0):
 garbage-first heap   total 40960K, used 21898K [0x0000000602000000, 0x0000000800000000)
  region size 4096K, 1 young (4096K), 1 survivors (4096K)
 Metaspace       used 7721K, committed 7936K, reserved 1114112K
  class space    used 863K, committed 960K, reserved 1048576K
}
Event: 0.582 GC heap before
{Heap before GC invocations=12 (full 0):
 garbage-first heap   total 49152K, used 21898K [0x0000000602000000, 0x0000000800000000)
  region size 4096K, 2 young (8192K), 1 survivors (4096K)
 Metaspace       used 7721K, committed 7936K, reserved 1114112K
  class space    used 863K, committed 960K, reserved 1048576K
}
Event: 0.584 GC heap after
{Heap after GC invocations=13 (full 0):
 garbage-first heap   total 49152K, used 22125K [0x0000000602000000, 0x0000000800000000)
  region size 4096K, 1 young (4096K), 1 survivors (4096K)
 Metaspace       used 7721K, committed 7936K, reserved 1114112K
  class space    used 863K, committed 960K, reserved 1048576K
}
Event: 0.611 GC heap before
{Heap before GC invocations=14 (full 0):
 garbage-first heap   total 90112K, used 46701K [0x0000000602000000, 0x0000000800000000)
  region size 4096K, 3 young (12288K), 1 survivors (4096K)
 Metaspace       used 7722K, committed 7936K, reserved 1114112K
  class space    used 863K, committed 960K, reserved 1048576K
}
Event: 0.613 GC heap after
{Heap after GC invocations=15 (full 0):
 garbage-first heap   total 90112K, used 23876K [0x0000000602000000, 0x0000000800000000)
  region size 4096K, 1 young (4096K), 1 survivors (4096K)
 Metaspace       used 7722K, committed 7936K, reserved 1114112K
  class space    used 863K, committed 960K, reserved 1048576K
}
Event: 0.813 GC heap before
{Heap before GC invocations=15 (full 0):
 garbage-first heap   total 90112K, used 48452K [0x0000000602000000, 0x0000000800000000)
  region size 4096K, 8 young (32768K), 1 survivors (4096K)
 Metaspace       used 8279K, committed 8448K, reserved 1114112K
  class space    used 912K, committed 1024K, reserved 1048576K
}
Event: 0.818 GC heap after
{Heap after GC invocations=16 (full 0):
 garbage-first heap   total 163840K, used 32334K [0x0000000602000000, 0x0000000800000000)
  region size 4096K, 1 young (4096K), 1 survivors (4096K)
 Metaspace       used 8279K, committed 8448K, reserved 1114112K
  class space    used 912K, committed 1024K, reserved 1048576K
}

Dll operation events (6 events):
Event: 0.004 Loaded shared library C:\Program Files (x86)\Android\openjdk\jdk-17.0.12\bin\java.dll
Event: 0.012 Loaded shared library C:\Program Files (x86)\Android\openjdk\jdk-17.0.12\bin\jsvml.dll
Event: 0.033 Loaded shared library C:\Program Files (x86)\Android\openjdk\jdk-17.0.12\bin\jimage.dll
Event: 0.062 Loaded shared library C:\Program Files (x86)\Android\openjdk\jdk-17.0.12\bin\net.dll
Event: 0.063 Loaded shared library C:\Program Files (x86)\Android\openjdk\jdk-17.0.12\bin\nio.dll
Event: 0.137 Loaded shared library C:\Program Files (x86)\Android\openjdk\jdk-17.0.12\bin\zip.dll

Deoptimization events (20 events):
Event: 0.867 Thread 0x0000019a59175930 Uncommon trap: trap_request=0xffffff45 fr.pc=0x0000019a689aa43c relative=0x000000000000013c
Event: 0.867 Thread 0x0000019a59175930 Uncommon trap: reason=unstable_if action=reinterpret pc=0x0000019a689aa43c method=java.util.Arrays.hashCode([B)I @ 1 c2
Event: 0.867 Thread 0x0000019a59175930 DEOPT PACKING pc=0x0000019a689aa43c sp=0x0000002bfb9fe3d0
Event: 0.867 Thread 0x0000019a59175930 DEOPT UNPACKING pc=0x0000019a681c69a3 sp=0x0000002bfb9fe348 mode 2
Event: 0.878 Thread 0x0000019a59175930 Uncommon trap: trap_request=0xffffff45 fr.pc=0x0000019a689ca940 relative=0x00000000000000a0
Event: 0.878 Thread 0x0000019a59175930 Uncommon trap: reason=unstable_if action=reinterpret pc=0x0000019a689ca940 method=java.time.LocalDate.create(III)Ljava/time/LocalDate; @ 3 c2
Event: 0.878 Thread 0x0000019a59175930 DEOPT PACKING pc=0x0000019a689ca940 sp=0x0000002bfb9fddf0
Event: 0.878 Thread 0x0000019a59175930 DEOPT UNPACKING pc=0x0000019a681c69a3 sp=0x0000002bfb9fdd68 mode 2
Event: 0.883 Thread 0x0000019a59175930 Uncommon trap: trap_request=0xffffff45 fr.pc=0x0000019a689b9e5c relative=0x000000000000119c
Event: 0.883 Thread 0x0000019a59175930 Uncommon trap: reason=unstable_if action=reinterpret pc=0x0000019a689b9e5c method=jdk.nio.zipfs.ZipFileSystem.makeParentDirs(Ljdk/nio/zipfs/ZipFileSystem$IndexNode;Ljdk/nio/zipfs/ZipFileSystem$IndexNode;)V @ 62 c2
Event: 0.883 Thread 0x0000019a59175930 DEOPT PACKING pc=0x0000019a689b9e5c sp=0x0000002bfb9fe2e0
Event: 0.883 Thread 0x0000019a59175930 DEOPT UNPACKING pc=0x0000019a681c69a3 sp=0x0000002bfb9fe2d8 mode 2
Event: 0.883 Thread 0x0000019a59175930 Uncommon trap: trap_request=0xffffff3d fr.pc=0x0000019a68975f98 relative=0x0000000000000bb8
Event: 0.883 Thread 0x0000019a59175930 Uncommon trap: reason=unstable_fused_if action=reinterpret pc=0x0000019a68975f98 method=java.util.HashMap.resize()[Ljava/util/HashMap$Node; @ 31 c2
Event: 0.883 Thread 0x0000019a59175930 DEOPT PACKING pc=0x0000019a68975f98 sp=0x0000002bfb9fe1b0
Event: 0.883 Thread 0x0000019a59175930 DEOPT UNPACKING pc=0x0000019a681c69a3 sp=0x0000002bfb9fe138 mode 2
Event: 0.883 Thread 0x0000019a59175930 Uncommon trap: trap_request=0xfffffff4 fr.pc=0x0000019a689c944c relative=0x000000000000074c
Event: 0.883 Thread 0x0000019a59175930 Uncommon trap: reason=null_check action=make_not_entrant pc=0x0000019a689c944c method=jdk.nio.zipfs.ZipFileSystem.getInode([B)Ljdk/nio/zipfs/ZipFileSystem$IndexNode; @ 32 c2
Event: 0.883 Thread 0x0000019a59175930 DEOPT PACKING pc=0x0000019a689c944c sp=0x0000002bfb9fe2a0
Event: 0.883 Thread 0x0000019a59175930 DEOPT UNPACKING pc=0x0000019a681c69a3 sp=0x0000002bfb9fe270 mode 2

Classes loaded (20 events):
Event: 0.823 Loading class java/nio/file/FileTreeWalker$DirectoryNode
Event: 0.823 Loading class java/nio/file/FileTreeWalker$DirectoryNode done
Event: 0.823 Loading class java/nio/file/FileTreeWalker$Event
Event: 0.823 Loading class java/nio/file/FileTreeWalker$Event done
Event: 0.823 Loading class java/nio/file/FileTreeWalker$EventType
Event: 0.823 Loading class java/nio/file/FileTreeWalker$EventType done
Event: 0.823 Loading class java/nio/file/Files$3
Event: 0.823 Loading class java/nio/file/Files$3 done
Event: 0.823 Loading class java/nio/file/FileVisitResult
Event: 0.823 Loading class java/nio/file/FileVisitResult done
Event: 0.823 Loading class sun/nio/fs/BasicFileAttributesHolder
Event: 0.823 Loading class sun/nio/fs/BasicFileAttributesHolder done
Event: 0.850 Loading class java/util/concurrent/locks/AbstractQueuedSynchronizer$Node
Event: 0.850 Loading class java/util/concurrent/locks/AbstractQueuedSynchronizer$Node done
Event: 0.859 Loading class java/util/ComparableTimSort
Event: 0.859 Loading class java/util/ComparableTimSort done
Event: 0.863 Loading class java/io/EOFException
Event: 0.863 Loading class java/io/EOFException done
Event: 0.868 Loading class sun/nio/fs/WindowsFileStore
Event: 0.868 Loading class sun/nio/fs/WindowsFileStore done

Classes unloaded (0 events):
No events

Classes redefined (0 events):
No events

Internal exceptions (20 events):
Event: 0.059 Thread 0x0000019a59175930 Exception <a 'java/lang/NoSuchMethodError'{0x0000000602619b68}: 'void java.lang.invoke.DirectMethodHandle$Holder.invokeSpecial(java.lang.Object, java.lang.Object, java.lang.Object)'> (0x0000000602619b68) 
thrown [s\src\hotspot\share\interpreter\linkResolver.cpp, line 759]
Event: 0.128 Thread 0x0000019a59175930 Exception <a 'java/lang/NoSuchMethodError'{0x00000006027603a8}: 'java.lang.Object java.lang.invoke.DirectMethodHandle$Holder.invokeVirtual(java.lang.Object, java.lang.Object, java.lang.Object)'> (0x00000006027603a8) 
thrown [s\src\hotspot\share\interpreter\linkResolver.cpp, line 759]
Event: 0.129 Thread 0x0000019a59175930 Exception <a 'java/lang/NoSuchMethodError'{0x000000060276cb20}: 'int java.lang.invoke.DirectMethodHandle$Holder.invokeInterface(java.lang.Object, java.lang.Object)'> (0x000000060276cb20) 
thrown [s\src\hotspot\share\interpreter\linkResolver.cpp, line 759]
Event: 0.164 Thread 0x0000019a59175930 Exception <a 'sun/nio/fs/WindowsException'{0x0000000602591128}> (0x0000000602591128) 
thrown [s\src\hotspot\share\prims\jni.cpp, line 516]
Event: 0.165 Thread 0x0000019a59175930 Exception <a 'sun/nio/fs/WindowsException'{0x0000000602592088}> (0x0000000602592088) 
thrown [s\src\hotspot\share\prims\jni.cpp, line 516]
Event: 0.165 Thread 0x0000019a59175930 Exception <a 'sun/nio/fs/WindowsException'{0x00000006025924d8}> (0x00000006025924d8) 
thrown [s\src\hotspot\share\prims\jni.cpp, line 516]
Event: 0.165 Thread 0x0000019a59175930 Exception <a 'sun/nio/fs/WindowsException'{0x00000006025954c8}> (0x00000006025954c8) 
thrown [s\src\hotspot\share\prims\jni.cpp, line 516]
Event: 0.165 Thread 0x0000019a59175930 Exception <a 'sun/nio/fs/WindowsException'{0x0000000602595780}> (0x0000000602595780) 
thrown [s\src\hotspot\share\prims\jni.cpp, line 516]
Event: 0.166 Thread 0x0000019a59175930 Exception <a 'java/lang/NoSuchMethodError'{0x000000060259ce28}: 'int java.lang.invoke.DirectMethodHandle$Holder.invokeVirtual(java.lang.Object, java.lang.Object, java.lang.Object)'> (0x000000060259ce28) 
thrown [s\src\hotspot\share\interpreter\linkResolver.cpp, line 759]
Event: 0.166 Thread 0x0000019a59175930 Exception <a 'java/lang/NoSuchMethodError'{0x00000006025a3590}: 'void java.lang.invoke.DirectMethodHandle$Holder.invokeInterface(java.lang.Object, java.lang.Object, java.lang.Object)'> (0x00000006025a3590) 
thrown [s\src\hotspot\share\interpreter\linkResolver.cpp, line 759]
Event: 0.209 Thread 0x0000019a59175930 Exception <a 'java/lang/NoSuchMethodError'{0x00000006026bd888}: 'int java.lang.invoke.DirectMethodHandle$Holder.invokeStaticInit(java.lang.Object, java.lang.Object)'> (0x00000006026bd888) 
thrown [s\src\hotspot\share\interpreter\linkResolver.cpp, line 759]
Event: 0.244 Thread 0x0000019a59175930 Exception <a 'java/lang/NoSuchMethodError'{0x000000060275caf8}: 'int java.lang.invoke.DirectMethodHandle$Holder.invokeVirtual(java.lang.Object, java.lang.Object)'> (0x000000060275caf8) 
thrown [s\src\hotspot\share\interpreter\linkResolver.cpp, line 759]
Event: 0.246 Thread 0x0000019a59175930 Exception <a 'java/lang/NoSuchMethodError'{0x0000000602783898}: 'java.lang.Object java.lang.invoke.DirectMethodHandle$Holder.newInvokeSpecial(java.lang.Object, java.lang.Object, java.lang.Object, java.lang.Object, java.lang.Object)'> (0x0000000602783898) 
thrown [s\src\hotspot\share\interpreter\linkResolver.cpp, line 759]
Event: 0.247 Thread 0x0000019a59175930 Exception <a 'java/lang/NoSuchMethodError'{0x0000000602791f78}: 'java.lang.Object java.lang.invoke.DirectMethodHandle$Holder.newInvokeSpecial(java.lang.Object, java.lang.Object, java.lang.Object, java.lang.Object, java.lang.Object, java.lang.Object)'> (0x0000000602791f78) 
thrown [s\src\hotspot\share\interpreter\linkResolver.cpp, line 759]
Event: 0.786 Thread 0x0000019a59175930 Exception <a 'java/lang/NoSuchMethodError'{0x0000000605bb4540}: 'java.lang.Object java.lang.invoke.DirectMethodHandle$Holder.invokeStaticInit(java.lang.Object)'> (0x0000000605bb4540) 
thrown [s\src\hotspot\share\interpreter\linkResolver.cpp, line 759]
Event: 0.820 Thread 0x0000019a59175930 Exception <a 'java/lang/NoSuchMethodError'{0x000000060b807f20}: 'java.lang.Object java.lang.invoke.DirectMethodHandle$Holder.invokeStatic(java.lang.Object, int, java.lang.Object)'> (0x000000060b807f20) 
thrown [s\src\hotspot\share\interpreter\linkResolver.cpp, line 759]
Event: 0.857 Thread 0x0000019a59175930 Exception <a 'java/lang/NoSuchMethodError'{0x000000060b53fa88}: 'void java.lang.invoke.DirectMethodHandle$Holder.invokeStatic(java.lang.Object, java.lang.Object)'> (0x000000060b53fa88) 
thrown [s\src\hotspot\share\interpreter\linkResolver.cpp, line 759]
Event: 0.862 Thread 0x0000019a59175930 Implicit null exception at 0x0000019a689b7979 to 0x0000019a689b7b4e
Event: 0.867 Thread 0x0000019a59175930 Implicit null exception at 0x0000019a689aa30c to 0x0000019a689aa42e
Event: 0.883 Thread 0x0000019a59175930 Implicit null exception at 0x0000019a689b8fc0 to 0x0000019a689b9e34

VM Operations (20 events):
Event: 0.582 Executing VM operation: G1TryInitiateConcMark
Event: 0.584 Executing VM operation: G1TryInitiateConcMark done
Event: 0.586 Executing VM operation: G1PauseRemark
Event: 0.589 Executing VM operation: G1PauseRemark done
Event: 0.590 Executing VM operation: G1PauseCleanup
Event: 0.590 Executing VM operation: G1PauseCleanup done
Event: 0.611 Executing VM operation: G1CollectForAllocation
Event: 0.613 Executing VM operation: G1CollectForAllocation done
Event: 0.784 Executing VM operation: HandshakeAllThreads
Event: 0.784 Executing VM operation: HandshakeAllThreads done
Event: 0.786 Executing VM operation: HandshakeAllThreads
Event: 0.786 Executing VM operation: HandshakeAllThreads done
Event: 0.789 Executing VM operation: HandshakeAllThreads
Event: 0.789 Executing VM operation: HandshakeAllThreads done
Event: 0.789 Executing VM operation: HandshakeAllThreads
Event: 0.789 Executing VM operation: HandshakeAllThreads done
Event: 0.790 Executing VM operation: HandshakeAllThreads
Event: 0.790 Executing VM operation: HandshakeAllThreads done
Event: 0.813 Executing VM operation: G1CollectForAllocation
Event: 0.818 Executing VM operation: G1CollectForAllocation done

Events (20 events):
Event: 0.014 Thread 0x0000019a7be97860 Thread added: 0x0000019a7be97860
Event: 0.017 Thread 0x0000019a7beb02a0 Thread added: 0x0000019a7beb02a0
Event: 0.018 Thread 0x0000019a7beb2c70 Thread added: 0x0000019a7beb2c70
Event: 0.018 Thread 0x0000019a7beb41a0 Thread added: 0x0000019a7beb41a0
Event: 0.018 Thread 0x0000019a7beb56d0 Thread added: 0x0000019a7beb56d0
Event: 0.018 Thread 0x0000019a7bec8f60 Thread added: 0x0000019a7bec8f60
Event: 0.018 Thread 0x0000019a7becfe50 Thread added: 0x0000019a7becfe50
Event: 0.018 Thread 0x0000019a7bed0760 Thread added: 0x0000019a7bed0760
Event: 0.024 Thread 0x0000019a4d0ce090 Thread added: 0x0000019a4d0ce090
Event: 0.027 Thread 0x0000019a4d0d6fd0 Thread added: 0x0000019a4d0d6fd0
Event: 0.027 Thread 0x0000019a4d0d79b0 Thread added: 0x0000019a4d0d79b0
Event: 0.030 Thread 0x0000019a4d0f2a20 Thread added: 0x0000019a4d0f2a20
Event: 0.032 Thread 0x0000019a4d1b7130 Thread added: 0x0000019a4d1b7130
Event: 0.367 Thread 0x0000019a4d9fab50 Thread added: 0x0000019a4d9fab50
Event: 0.371 Thread 0x0000019a4d9fb9e0 Thread added: 0x0000019a4d9fb9e0
Event: 0.373 Thread 0x0000019a4db3ca30 Thread added: 0x0000019a4db3ca30
Event: 0.375 Thread 0x0000019a4db3cf50 Thread added: 0x0000019a4db3cf50
Event: 0.417 Thread 0x0000019a4dc869f0 Thread added: 0x0000019a4dc869f0
Event: 0.456 Thread 0x0000019a4d6aa8f0 Thread added: 0x0000019a4d6aa8f0
Event: 0.461 Thread 0x0000019a4e7f9220 Thread added: 0x0000019a4e7f9220


Dynamic libraries:
0x00007ff638f20000 - 0x00007ff638f28000 	C:\Program Files (x86)\Android\openjdk\jdk-17.0.12\bin\javac.exe
0x00007ffe77880000 - 0x00007ffe77ae3000 	C:\WINDOWS\SYSTEM32\ntdll.dll
0x00007ffe75750000 - 0x00007ffe75817000 	C:\WINDOWS\System32\KERNEL32.DLL
0x00007ffe74e20000 - 0x00007ffe751e9000 	C:\WINDOWS\System32\KERNELBASE.dll
0x00007ffe753d0000 - 0x00007ffe7551c000 	C:\WINDOWS\System32\ucrtbase.dll
0x00007ffda8af0000 - 0x00007ffda8b07000 	C:\Program Files (x86)\Android\openjdk\jdk-17.0.12\bin\jli.dll
0x00007ffd2c550000 - 0x00007ffd2c56d000 	C:\Program Files (x86)\Android\openjdk\jdk-17.0.12\bin\VCRUNTIME140.dll
0x00007ffe76e20000 - 0x00007ffe76fea000 	C:\WINDOWS\System32\USER32.dll
0x00007ffe74bd0000 - 0x00007ffe74bf7000 	C:\WINDOWS\System32\win32u.dll
0x00007ffe58a80000 - 0x00007ffe58d10000 	C:\WINDOWS\WinSxS\amd64_microsoft.windows.common-controls_6595b64144ccf1df_6.0.26100.3323_none_3e088096e3344490\COMCTL32.dll
0x00007ffe76500000 - 0x00007ffe7652a000 	C:\WINDOWS\System32\GDI32.dll
0x00007ffe766f0000 - 0x00007ffe76799000 	C:\WINDOWS\System32\msvcrt.dll
0x00007ffe75290000 - 0x00007ffe753c1000 	C:\WINDOWS\System32\gdi32full.dll
0x00007ffe74c00000 - 0x00007ffe74ca3000 	C:\WINDOWS\System32\msvcp_win.dll
0x00007ffe77800000 - 0x00007ffe7782f000 	C:\WINDOWS\System32\IMM32.DLL
0x00007ffde45f0000 - 0x00007ffde45fc000 	C:\Program Files (x86)\Android\openjdk\jdk-17.0.12\bin\vcruntime140_1.dll
0x00007ffd2ac10000 - 0x00007ffd2ac9d000 	C:\Program Files (x86)\Android\openjdk\jdk-17.0.12\bin\msvcp140.dll
0x00007ffd10cc0000 - 0x00007ffd11930000 	C:\Program Files (x86)\Android\openjdk\jdk-17.0.12\bin\server\jvm.dll
0x00007ffe76cb0000 - 0x00007ffe76d62000 	C:\WINDOWS\System32\ADVAPI32.dll
0x00007ffe76d70000 - 0x00007ffe76e16000 	C:\WINDOWS\System32\sechost.dll
0x00007ffe75820000 - 0x00007ffe75936000 	C:\WINDOWS\System32\RPCRT4.dll
0x00007ffe75aa0000 - 0x00007ffe75b14000 	C:\WINDOWS\System32\WS2_32.dll
0x00007ffe742f0000 - 0x00007ffe7433e000 	C:\WINDOWS\SYSTEM32\POWRPROF.dll
0x00007ffe68aa0000 - 0x00007ffe68ad6000 	C:\WINDOWS\SYSTEM32\WINMM.dll
0x00007ffe72230000 - 0x00007ffe7223b000 	C:\WINDOWS\SYSTEM32\VERSION.dll
0x00007ffe73f90000 - 0x00007ffe73fa4000 	C:\WINDOWS\SYSTEM32\UMPDC.dll
0x00007ffe73110000 - 0x00007ffe7312a000 	C:\WINDOWS\SYSTEM32\kernel.appcore.dll
0x00007ffdd4420000 - 0x00007ffdd442a000 	C:\Program Files (x86)\Android\openjdk\jdk-17.0.12\bin\jimage.dll
0x00007ffe4bbb0000 - 0x00007ffe4bdf1000 	C:\WINDOWS\SYSTEM32\DBGHELP.DLL
0x00007ffe76920000 - 0x00007ffe76ca2000 	C:\WINDOWS\System32\combase.dll
0x00007ffe76830000 - 0x00007ffe76906000 	C:\WINDOWS\System32\OLEAUT32.dll
0x00007ffe741b0000 - 0x00007ffe741e9000 	C:\WINDOWS\SYSTEM32\dbgcore.DLL
0x00007ffe751f0000 - 0x00007ffe75289000 	C:\WINDOWS\System32\bcryptPrimitives.dll
0x00007ffd2c520000 - 0x00007ffd2c545000 	C:\Program Files (x86)\Android\openjdk\jdk-17.0.12\bin\java.dll
0x00007ffd2ab30000 - 0x00007ffd2ac07000 	C:\Program Files (x86)\Android\openjdk\jdk-17.0.12\bin\jsvml.dll
0x00007ffe75c40000 - 0x00007ffe76355000 	C:\WINDOWS\System32\SHELL32.dll
0x00007ffe74cb0000 - 0x00007ffe74e18000 	C:\WINDOWS\System32\wintypes.dll
0x00007ffe71780000 - 0x00007ffe71fc5000 	C:\WINDOWS\SYSTEM32\windows.storage.dll
0x00007ffe75b20000 - 0x00007ffe75c0b000 	C:\WINDOWS\System32\SHCORE.dll
0x00007ffe776f0000 - 0x00007ffe7774d000 	C:\WINDOWS\System32\shlwapi.dll
0x00007ffe74990000 - 0x00007ffe749bf000 	C:\WINDOWS\SYSTEM32\profapi.dll
0x00007ffd2c500000 - 0x00007ffd2c51a000 	C:\Program Files (x86)\Android\openjdk\jdk-17.0.12\bin\net.dll
0x00007ffe68c30000 - 0x00007ffe68d4e000 	C:\WINDOWS\SYSTEM32\WINHTTP.dll
0x00007ffe72d60000 - 0x00007ffe72dca000 	C:\WINDOWS\system32\mswsock.dll
0x00007ffd2c440000 - 0x00007ffd2c456000 	C:\Program Files (x86)\Android\openjdk\jdk-17.0.12\bin\nio.dll
0x00007ffd2c420000 - 0x00007ffd2c438000 	C:\Program Files (x86)\Android\openjdk\jdk-17.0.12\bin\zip.dll

dbghelp: loaded successfully - version: 4.0.5 - missing functions: none
symbol engine: initialized successfully - sym options: 0x614 - pdb path: .;C:\Program Files (x86)\Android\openjdk\jdk-17.0.12\bin;C:\WINDOWS\SYSTEM32;C:\WINDOWS\WinSxS\amd64_microsoft.windows.common-controls_6595b64144ccf1df_6.0.26100.3323_none_3e088096e3344490;C:\Program Files (x86)\Android\openjdk\jdk-17.0.12\bin\server

VM Arguments:
jvm_args: -Dapplication.home=C:\Program Files (x86)\Android\openjdk\jdk-17.0.12 --add-modules=ALL-DEFAULT -Xms8m -Dfile.encoding=UTF8 -Djdk.module.main=jdk.compiler 
java_command: jdk.compiler/com.sun.tools.javac.Main @C:\Users\Bartek\AppData\Local\Temp\tmpE7B5.tmp -target 1.8 -source 1.8
java_class_path (initial): <not set>
Launcher Type: SUN_STANDARD

[Global flags]
     intx CICompilerCount                          = 12                                        {product} {ergonomic}
     uint ConcGCThreads                            = 3                                         {product} {ergonomic}
     uint G1ConcRefinementThreads                  = 13                                        {product} {ergonomic}
   size_t G1HeapRegionSize                         = 4194304                                   {product} {ergonomic}
    uintx GCDrainStackTargetSize                   = 64                                        {product} {ergonomic}
   size_t InitialHeapSize                          = 8388608                                   {product} {command line}
   size_t MarkStackSize                            = 4194304                                   {product} {ergonomic}
   size_t MaxHeapSize                              = 8556380160                                {product} {ergonomic}
   size_t MaxNewSize                               = 5133828096                                {product} {ergonomic}
   size_t MinHeapDeltaBytes                        = 4194304                                   {product} {ergonomic}
   size_t MinHeapSize                              = 8388608                                   {product} {command line}
    uintx NonNMethodCodeHeapSize                   = 7602480                                {pd product} {ergonomic}
    uintx NonProfiledCodeHeapSize                  = 122027880                              {pd product} {ergonomic}
    uintx ProfiledCodeHeapSize                     = 122027880                              {pd product} {ergonomic}
    uintx ReservedCodeCacheSize                    = 251658240                              {pd product} {ergonomic}
     bool SegmentedCodeCache                       = true                                      {product} {ergonomic}
   size_t SoftMaxHeapSize                          = 8556380160                             {manageable} {ergonomic}
     bool UseCompressedClassPointers               = true                           {product lp64_product} {ergonomic}
     bool UseCompressedOops                        = true                           {product lp64_product} {ergonomic}
     bool UseG1GC                                  = true                                      {product} {ergonomic}
     bool UseLargePagesIndividualAllocation        = false                                  {pd product} {ergonomic}

Logging:
Log output configuration:
 #0: stdout all=warning uptime,level,tags
 #1: stderr all=off uptime,level,tags

Environment Variables:
JAVA_HOME=C:\Program Files (x86)\Android\openjdk\jdk-17.0.12
PATH=C:\Program Files (x86)\Android\openjdk\jdk-17.0.12\bin;C:\Program Files\Common Files\Oracle\Java\javapath;C:\WINDOWS\system32;C:\WINDOWS;C:\WINDOWS\System32\Wbem;C:\WINDOWS\System32\WindowsPowerShell\v1.0\;C:\WINDOWS\System32\OpenSSH\;F:\Maven\apache-maven-3.9.9-bin\apache-maven-3.9.9\bin;F:\Java\jdk-23\bin;C:\Program Files\Git\cmd;C:\Program Files\Microsoft SQL Server\150\Tools\Binn\;C:\Program Files\Microsoft SQL Server\Client SDK\ODBC\170\Tools\Binn\;C:\Program Files\dotnet\;F:\nodejs\;C:\Program Files (x86)\Microsoft SQL Server\160\DTS\Binn\;C:\Program Files (x86)\Microsoft SQL Server\160\Tools\Binn\;C:\Program Files\Microsoft SQL Server\160\Tools\Binn\;C:\Program Files\Microsoft SQL Server\160\DTS\Binn\;C:\Users\Bartek\AppData\Local\Microsoft\WindowsApps;C:\Users\Bartek\AppData\Local\JetBrains\Toolbox\scripts;;F:\IntelliJ IDEA 2024.3.2\bin;;C:\Users\Bartek\.dotnet\tools;C:\Users\Bartek\AppData\Roaming\npm
USERNAME=Bartek
OS=Windows_NT
PROCESSOR_IDENTIFIER=Intel64 Family 6 Model 151 Stepping 2, GenuineIntel
TMP=C:\Users\Bartek\AppData\Local\Temp
TEMP=C:\Users\Bartek\AppData\Local\Temp



Periodic native trim disabled


---------------  S Y S T E M  ---------------

OS:
 Windows 11 , 64 bit Build 26100 (10.0.26100.3323)
OS uptime: 5 days 13:39 hours
Hyper-V role detected

CPU: total 16 (initial active 16) (8 cores per cpu, 2 threads per core) family 6 model 151 stepping 2 microcode 0x15, cx8, cmov, fxsr, ht, mmx, 3dnowpref, sse, sse2, sse3, ssse3, sse4.1, sse4.2, popcnt, lzcnt, tsc, tscinvbit, avx, avx2, aes, erms, clmul, bmi1, bmi2, adx, sha, fma, vzeroupper, clflush, clflushopt, clwb, hv
Processor Information for processor 0
  Max Mhz: 3686, Current Mhz: 3686, Mhz Limit: 3686
Processor Information for processor 1
  Max Mhz: 3686, Current Mhz: 3686, Mhz Limit: 3686
Processor Information for processor 2
  Max Mhz: 3686, Current Mhz: 3686, Mhz Limit: 3686
Processor Information for processor 3
  Max Mhz: 3686, Current Mhz: 3686, Mhz Limit: 3686
Processor Information for processor 4
  Max Mhz: 3686, Current Mhz: 3686, Mhz Limit: 3686
Processor Information for processor 5
  Max Mhz: 3686, Current Mhz: 3686, Mhz Limit: 3686
Processor Information for processor 6
  Max Mhz: 3686, Current Mhz: 3686, Mhz Limit: 3686
Processor Information for processor 7
  Max Mhz: 3686, Current Mhz: 3686, Mhz Limit: 3686
Processor Information for processor 8
  Max Mhz: 3686, Current Mhz: 3686, Mhz Limit: 3686
Processor Information for processor 9
  Max Mhz: 3686, Current Mhz: 3686, Mhz Limit: 3686
Processor Information for processor 10
  Max Mhz: 3686, Current Mhz: 3686, Mhz Limit: 3686
Processor Information for processor 11
  Max Mhz: 3686, Current Mhz: 3686, Mhz Limit: 3686
Processor Information for processor 12
  Max Mhz: 3686, Current Mhz: 2789, Mhz Limit: 2764
Processor Information for processor 13
  Max Mhz: 3686, Current Mhz: 2789, Mhz Limit: 2764
Processor Information for processor 14
  Max Mhz: 3686, Current Mhz: 2789, Mhz Limit: 2764
Processor Information for processor 15
  Max Mhz: 3686, Current Mhz: 2789, Mhz Limit: 2764

Memory: 4k page, system-wide physical 32627M (6458M free)
TotalPageFile size 49011M (AvailPageFile size 5925M)
current process WorkingSet (physical memory assigned to process): 223M, peak: 223M
current process commit charge ("private bytes"): 341M, peak: 341M

vm_info: OpenJDK 64-Bit Server VM (17.0.12+7-LTS) for windows-amd64 JRE (17.0.12+7-LTS), built on Jul 16 2024 18:11:44 by "MicrosoftCorporation" with unknown MS VC++:1939

END.
